<?xml version="1.0" encoding="UTF-8"?>
<!-- Generated by org.testng.reporters.JUnitReportReporter -->
<testsuite skipped="0" hostname="LAPTOP-3O39E0OU" name="com.github.frostyaxe.frostyspark.tests.UnitTest" tests="2" failures="0" timestamp="2020-05-25T13:32:23 IST" time="20.014" errors="0">
  <testcase name="test" time="10.003" classname="com.github.frostyaxe.frostyspark.tests.UnitTest"/>
  <system-out/>
  <testcase name="test1" time="10.011" classname="com.github.frostyaxe.frostyspark.tests.UnitTest"/>
  <system-out/>
</testsuite> <!-- com.github.frostyaxe.frostyspark.tests.UnitTest -->
