<?xml version="1.0" encoding="UTF-8"?>
<!-- Generated by org.testng.reporters.JUnitReportReporter -->
<testsuite skipped="0" hostname="LAPTOP-3O39E0OU" name="runners.Runner" tests="2" failures="0" timestamp="2020-05-24T22:11:49 IST" time="13.646" errors="0">
  <testcase name="runScenario" time="6.823" classname="runners.Runner"/>
  <system-out/>
  <testcase name="runScenario" time="6.823" classname="runners.Runner"/>
  <system-out/>
</testsuite> <!-- runners.Runner -->
